Mon Apr 09 08:22:40 CEST 2018 : Apache Derby Network Server 10.11.1.2 - (1629631) wurde gestartet und ist bereit, Verbindungen auf Port 1527 zu akzeptieren.
----------------------------------------------------------------
Mon Apr 09 08:23:18 CEST 2018:
Booten von Derby-Version The Apache Software Foundation - Apache Derby - 10.11.1.2 - (1629631): Instanz a816c00e-0162-a912-1f56-000006d32a98
für Datenbankverzeichnis C:\Users\User\Desktop\Schule\Extinguisher\Extinguisher\db\dbDs mit Class Loader sun.misc.Launcher$AppClassLoader@610455d6
Geladen aus file:/C:/Program%20Files/Java/jdk1.8.0_144/db/lib/derby.jar
java.vendor=Oracle Corporation
java.runtime.version=1.8.0_144-b01
user.dir=C:\Users\User\Desktop\Schule\Extinguisher\Extinguisher\db
os.name=Windows 10
os.arch=amd64
os.version=10.0
derby.system.home=null
Datenbank-Class Loader wurde gestartet - derby.database.classpath=''
----------------------------------------------------------------
Mon Apr 09 08:30:22 CEST 2018:
Booten von Derby-Version The Apache Software Foundation - Apache Derby - 10.11.1.2 - (1629631): Instanz 5b029805-0162-a912-1f56-000006d32a98
für Datenbankverzeichnis C:\Users\User\Desktop\Schule\Extinguisher\Extinguisher\db\db mit Class Loader sun.misc.Launcher$AppClassLoader@610455d6
Geladen aus file:/C:/Program%20Files/Java/jdk1.8.0_144/db/lib/derby.jar
java.vendor=Oracle Corporation
java.runtime.version=1.8.0_144-b01
user.dir=C:\Users\User\Desktop\Schule\Extinguisher\Extinguisher\db
os.name=Windows 10
os.arch=amd64
os.version=10.0
derby.system.home=null
Datenbank-Class Loader wurde gestartet - derby.database.classpath=''
